2026-07-01 12:33:26 [INFO] [HTP-20260701-123326] [Agent] HTP Agent Started
2026-07-01 12:33:26 [INFO] [HTP-20260701-123326] [ModuleManager] Module Manager started.
2026-07-01 12:33:26 [INFO] [HTP-20260701-123326] [ModuleManager] 1 module(s) loaded.
2026-07-01 12:59:14 [INFO] [HTP-20260701-125914] [Agent] HTP Agent Started
2026-07-01 12:59:14 [INFO] [HTP-20260701-125914] [ModuleManager] Module Manager started.
2026-07-01 12:59:14 [INFO] [HTP-20260701-125914] [ModuleManager] 1 module(s) loaded.
2026-07-01 13:17:03 [INFO] [HTP-20260701-131703] [Agent] HTP Agent Started
2026-07-01 13:17:03 [INFO] [HTP-20260701-131703] [ModuleManager] Module Manager started.
2026-07-01 13:17:03 [INFO] [HTP-20260701-131703] [ModuleManager] Health started.
2026-07-01 13:17:03 [INFO] [HTP-20260701-131703] [ModuleManager] 1 module(s) loaded.
2026-07-01 14:09:35 [INFO] [HTP-20260701-140935] [Agent] HTP Agent Started
2026-07-01 14:09:35 [INFO] [HTP-20260701-140935] [ModuleManager] Module Manager started.
2026-07-01 14:09:35 [INFO] [HTP-20260701-140935] [ModuleManager] Chrome started.
2026-07-01 14:09:36 [INFO] [HTP-20260701-140935] [ModuleManager] Health started.
2026-07-01 14:09:36 [INFO] [HTP-20260701-140935] [ModuleManager] 2 module(s) loaded.
2026-07-01 14:48:45 [INFO] [HTP-20260701-144845] [Agent] HTP Agent Started
2026-07-01 14:48:45 [INFO] [HTP-20260701-144845] [ModuleManager] Module Manager started.
2026-07-01 14:48:45 [INFO] [HTP-20260701-144845] [ModuleManager] Chrome started.
2026-07-01 14:48:45 [INFO] [HTP-20260701-144845] [ModuleManager] Health started.
2026-07-01 14:48:45 [INFO] [HTP-20260701-144845] [ModuleManager] 2 module(s) loaded.
